{
  "stats": {
    "suites": 1,
    "tests": 1,
    "passes": 0,
    "pending": 0,
    "failures": 1,
    "start": "2022-04-11T19:43:04.216Z",
    "end": "2022-04-11T19:43:34.537Z",
    "duration": 30321,
    "testsRegistered": 5,
    "passPercent": 0,
    "pendingPercent": 0,
    "other": 0,
    "hasOther": false,
    "skipped": 4,
    "hasSkipped": true
  },
  "results": [
    {
      "uuid": "5bc9bf11-b0fb-4ceb-b0df-5eff3043b7e3",
      "title": "",
      "fullFile": "cypress/integration/crud_setting_care_folder_output_backup_request/crud_section_srl_request.spec.js",
      "file": "cypress/integration/crud_setting_care_folder_output_backup_request/crud_section_srl_request.spec.js",
      "beforeHooks": [],
      "afterHooks": [],
      "tests": [],
      "suites": [
        {
          "uuid": "98a484b1-6391-49a4-af58-a47df0be6470",
          "title": "TEST HTTP REQUEST SECTION ASSOCIATED SCHEDULE REPORT LAUNCHER",
          "fullFile": "",
          "file": "",
          "beforeHooks": [],
          "afterHooks": [],
          "tests": [
            {
              "title": "GET Associated Report Launcher",
              "fullTitle": "TEST HTTP REQUEST SECTION ASSOCIATED SCHEDULE REPORT LAUNCHER GET Associated Report Launcher",
              "timedOut": null,
              "duration": 30254,
              "state": "failed",
              "speed": null,
              "pass": false,
              "fail": true,
              "pending": false,
              "context": null,
              "code": "cy.getRequest('https://debugsite.myequipe2/webapi/api/v1/CareFolderOutputTemplateBackupHasReportLauncher/GetConfigurationList?careFolderOutputTemplateBackupId=7ee1b53c-5714-31a1-3b5c-6d9e147f3d27', headers, 1, 'cypress/fixtures/associatedLauncher.json');\ncy.pause();",
              "err": {
                "message": "CypressError: `cy.request()` timed out waiting `30000ms` for a response from your server.\n\nThe request we sent was:\n\nMethod: POST\nURL: https://debugsite.myequipe2/webapi/api/v1/Session/Login\n\nNo response was received within the timeout.\n\nhttps://on.cypress.io/request\n\nBecause this error occurred during a `before each` hook we are skipping the remaining tests in the current suite: `TEST HTTP REQUEST SECTION A...`",
                "estack": "CypressError: `cy.request()` timed out waiting `30000ms` for a response from your server.\n\nThe request we sent was:\n\nMethod: POST\nURL: https://debugsite.myequipe2/webapi/api/v1/Session/Login\n\nNo response was received within the timeout.\n\nhttps://on.cypress.io/request\n\nBecause this error occurred during a `before each` hook we are skipping the remaining tests in the current suite: `TEST HTTP REQUEST SECTION A...`\n    at https://debugsite.myequipe2/__cypress/runner/cypress_runner.js:160677:78\n    at tryCatcher (https://debugsite.myequipe2/__cypress/runner/cypress_runner.js:13022:23)\n    at https://debugsite.myequipe2/__cypress/runner/cypress_runner.js:8144:41\n    at tryCatcher (https://debugsite.myequipe2/__cypress/runner/cypress_runner.js:13022:23)\n    at Promise._settlePromiseFromHandler (https://debugsite.myequipe2/__cypress/runner/cypress_runner.js:10957:31)\n    at Promise._settlePromise (https://debugsite.myequipe2/__cypress/runner/cypress_runner.js:11014:18)\n    at Promise._settlePromise0 (https://debugsite.myequipe2/__cypress/runner/cypress_runner.js:11059:10)\n    at Promise._settlePromises (https://debugsite.myequipe2/__cypress/runner/cypress_runner.js:11135:18)\n    at _drainQueueStep (https://debugsite.myequipe2/__cypress/runner/cypress_runner.js:7729:12)\n    at _drainQueue (https://debugsite.myequipe2/__cypress/runner/cypress_runner.js:7722:9)\n    at Async.../../node_modules/bluebird/js/release/async.js.Async._drainQueues (https://debugsite.myequipe2/__cypress/runner/cypress_runner.js:7738:5)\n    at Async.drainQueues (https://debugsite.myequipe2/__cypress/runner/cypress_runner.js:7608:14)\nFrom Your Spec Code:\n    at Context.eval (https://debugsite.myequipe2/__cypress/tests?p=cypress\\integration\\crud_setting_care_folder_output_backup_request\\crud_section_srl_request.spec.js:109:8)",
                "diff": null
              },
              "uuid": "0419fd6d-8dcd-4260-ab5d-c9ad10052601",
              "parentUUID": "98a484b1-6391-49a4-af58-a47df0be6470",
              "isHook": false,
              "skipped": false
            },
            {
              "title": "POST Associated Report Launcher",
              "fullTitle": "TEST HTTP REQUEST SECTION ASSOCIATED SCHEDULE REPORT LAUNCHER POST Associated Report Launcher",
              "timedOut": null,
              "duration": 0,
              "state": "skipped",
              "speed": null,
              "pass": false,
              "fail": false,
              "pending": false,
              "context": null,
              "code": "let body = {\n  $id: \"1\",\n  careFolderOutputTemplateBackupId: \"7ee1b53c-5714-31a1-3b5c-6d9e147f3d27\",\n  customParameters: \"Report Launcher\",\n  filename: \"Filename\",\n  id: idGuid,\n  reportLauncherId: \"f1792f3c-8754-447a-9a87-b11e2bf0d07f\"\n};\ncy.postRequest('https://debugsite.myequipe2/webapi/api/v1/CareFolderOutputTemplateBackupHasReportLauncher/Save', headers, body, '7ee1b53c-5714-31a1-3b5c-6d9e147f3d27', 1);\ncy.pause();",
              "err": {},
              "uuid": "5c9e6f1f-c15d-4e56-a247-41ef4e5c6c98",
              "parentUUID": "98a484b1-6391-49a4-af58-a47df0be6470",
              "isHook": false,
              "skipped": true
            },
            {
              "title": "GET ítem Associated Report Launcher",
              "fullTitle": "TEST HTTP REQUEST SECTION ASSOCIATED SCHEDULE REPORT LAUNCHER GET ítem Associated Report Launcher",
              "timedOut": null,
              "duration": 0,
              "state": "skipped",
              "speed": null,
              "pass": false,
              "fail": false,
              "pending": false,
              "context": null,
              "code": "cy.request({\n  method: \"POST\",\n  url: \"https://debugsite.myequipe2/webapi/api/v1/CareFolderOutputTemplateBackupHasReportLauncher/Read\",\n  body: {\n    $id: \"0\",\n    id: idGuid\n  },\n  headers: headers\n}).then(function (response) {\n  console.log(response);\n  expect(response.body.reportLauncherId).eq('f1792f3c-8754-447a-9a87-b11e2bf0d07f');\n  cy.pause();\n});",
              "err": {},
              "uuid": "c514e23d-aa88-4867-980c-886c5a66074b",
              "parentUUID": "98a484b1-6391-49a4-af58-a47df0be6470",
              "isHook": false,
              "skipped": true
            },
            {
              "title": " Delete from table, Report Launcher",
              "fullTitle": "TEST HTTP REQUEST SECTION ASSOCIATED SCHEDULE REPORT LAUNCHER  Delete from table, Report Launcher",
              "timedOut": null,
              "duration": 0,
              "state": "skipped",
              "speed": null,
              "pass": false,
              "fail": false,
              "pending": false,
              "context": null,
              "code": "cy.request({\n  method: \"POST\",\n  url: \"https://debugsite.myequipe2/webapi/api/v1/CareFolderOutputTemplateBackupHasReportLauncher/DeleteMultiple\",\n  body: {\n    $id: \"0\",\n    ids: [{\n      $id: \"2\",\n      value: idGuid\n    }]\n  },\n  headers: headers\n}).then(function (response) {\n  expect(response.body).to.deep.equal(0);\n  cy.pause();\n});",
              "err": {},
              "uuid": "104fc71c-efad-49ab-b04c-2e21da3a96c8",
              "parentUUID": "98a484b1-6391-49a4-af58-a47df0be6470",
              "isHook": false,
              "skipped": true
            },
            {
              "title": " Delete from Form, Report Launcher",
              "fullTitle": "TEST HTTP REQUEST SECTION ASSOCIATED SCHEDULE REPORT LAUNCHER  Delete from Form, Report Launcher",
              "timedOut": null,
              "duration": 0,
              "state": "skipped",
              "speed": null,
              "pass": false,
              "fail": false,
              "pending": false,
              "context": null,
              "code": "cy.request({\n  method: \"DELETE\",\n  url: \"https://debugsite.myequipe2/webapi/api/v1/CareFolderOutputTemplateBackupHasReportLauncher/Delete?id=\" + deleteValue,\n  body: {\n    id: idGuid\n  },\n  headers: headers\n}).then(function (response) {\n  expect(response.body).to.deep.equal(0);\n  cy.pause();\n});",
              "err": {},
              "uuid": "4c96a77d-1b84-468d-8a81-12a1611ff6ab",
              "parentUUID": "98a484b1-6391-49a4-af58-a47df0be6470",
              "isHook": false,
              "skipped": true
            }
          ],
          "suites": [],
          "passes": [],
          "failures": [
            "0419fd6d-8dcd-4260-ab5d-c9ad10052601"
          ],
          "pending": [],
          "skipped": [
            "5c9e6f1f-c15d-4e56-a247-41ef4e5c6c98",
            "c514e23d-aa88-4867-980c-886c5a66074b",
            "104fc71c-efad-49ab-b04c-2e21da3a96c8",
            "4c96a77d-1b84-468d-8a81-12a1611ff6ab"
          ],
          "duration": 30254,
          "root": false,
          "rootEmpty": false,
          "_timeout": 2000
        }
      ],
      "passes": [],
      "failures": [],
      "pending": [],
      "skipped": [],
      "duration": 0,
      "root": true,
      "rootEmpty": true,
      "_timeout": 2000
    }
  ],
  "meta": {
    "mocha": {
      "version": "7.0.1"
    },
    "mochawesome": {
      "options": {
        "quiet": false,
        "reportFilename": "mochawesome",
        "saveHtml": false,
        "saveJson": true,
        "consoleReporter": "spec",
        "useInlineDiffs": false,
        "code": true
      },
      "version": "7.1.3"
    },
    "marge": {
      "options": {
        "charts": true,
        "overwrite": false,
        "html": false,
        "json": true,
        "reportDir": "cypress/report"
      },
      "version": "6.2.0"
    }
  }
}